setting up folders and reindexing table file
failed on ../../../../benchmark/benchmark_v4/p3_conservation/conservation_analysis/1590-9606_0_001102/1590-9606_0_001102.json
failed on ../../../../benchmark/benchmark_v4/p3_conservation/conservation_analysis/789-9606_0_0020c2/789-9606_0_0020c2.json
failed on ../../../../benchmark/benchmark_v4/p3_conservation/conservation_analysis/401-10090_0_00275c/401-10090_0_00275c.json
failed on ../../../../benchmark/benchmark_v4/p3_conservation/conservation_analysis/778-9606_0_004b09/778-9606_0_004b09.json
failed on ../../../../benchmark/benchmark_v4/p3_conservation/conservation_analysis/1536-10090_0_00263e/1536-10090_0_00263e.json
failed on ../../../../benchmark/benchmark_v4/p3_conservation/conservation_analysis/1533-9606_0_0000ed/1533-9606_0_0000ed.json
failed on ../../../../benchmark/benchmark_v4/p3_conservation/conservation_analysis/1548-10090_0_003db6/1548-10090_0_003db6.json
failed on ../../../../benchmark/benchmark_v4/p3_conservation/conservation_analysis/1542-9606_0_000e58/1542-9606_0_000e58.json
failed on ../../../../benchmark/benchmark_v4/p3_conservation/conservation_analysis/1600-9606_0_002153/1600-9606_0_002153.json
failed on ../../../../benchmark/benchmark_v4/p3_conservation/conservation_analysis/806-10090_0_0010c0/806-10090_0_0010c0.json
failed on ../../../../benchmark/benchmark_v4/p3_conservation/conservation_analysis/1977-10090_0_001102/1977-10090_0_001102.json
failed on ../../../../benchmark/benchmark_v4/p3_conservation/conservation_analysis/790-9606_0_00237a/790-9606_0_00237a.json
failed on ../../../../benchmark/benchmark_v4/p3_conservation/conservation_analysis/1556-9606_0_0004d2/1556-9606_0_0004d2.json
failed on ../../../../benchmark/benchmark_v4/p3_conservation/conservation_analysis/777-9606_0_004b09/777-9606_0_004b09.json
failed on ../../../../benchmark/benchmark_v4/p3_conservation/conservation_analysis/1966-9606_0_001923/1966-9606_0_001923.json
failed on ../../../../benchmark/benchmark_v4/p3_conservation/conservation_analysis/1567-9606_0_00259e/1567-9606_0_00259e.json
failed on ../../../../benchmark/benchmark_v4/p3_conservation/conservation_analysis/39-9606_0_00012d/39-9606_0_00012d.json
failed on ../../../../benchmark/benchmark_v4/p3_conservation/conservation_analysis/793-9606_0_0012e9/793-9606_0_0012e9.json
failed on ../../../../benchmark/benchmark_v4/p3_conservation/conservation_analysis/1535-10090_0_00586a/1535-10090_0_00586a.json
failed on ../../../../benchmark/benchmark_v4/p3_conservation/conservation_analysis/1577-9606_0_0030be/1577-9606_0_0030be.json
failed on ../../../../benchmark/benchmark_v4/p3_conservation/conservation_analysis/1947-9606_0_001d5b/1947-9606_0_001d5b.json
failed on ../../../../benchmark/benchmark_v4/p3_conservation/conservation_analysis/800-9606_0_001d89/800-9606_0_001d89.json
failed on ../../../../benchmark/benchmark_v4/p3_conservation/conservation_analysis/422-9606_0_002d5f/422-9606_0_002d5f.json
failed on ../../../../benchmark/benchmark_v4/p3_conservation/conservation_analysis/1534-10090_0_00586a/1534-10090_0_00586a.json
failed on ../../../../benchmark/benchmark_v4/p3_conservation/conservation_analysis/1547-10090_0_003db6/1547-10090_0_003db6.json
failed on ../../../../benchmark/benchmark_v4/p3_conservation/conservation_analysis/1566-9606_0_00259e/1566-9606_0_00259e.json
failed on ../../../../benchmark/benchmark_v4/p3_conservation/conservation_analysis/802-9606_0_0016a6/802-9606_0_0016a6.json
failed on ../../../../benchmark/benchmark_v4/p3_conservation/conservation_analysis/1591-9606_0_003e8b/1591-9606_0_003e8b.json
failed on ../../../../benchmark/benchmark_v4/p3_conservation/conservation_analysis/1980-9606_0_000e84/1980-9606_0_000e84.json
failed on ../../../../benchmark/benchmark_v4/p3_conservation/conservation_analysis/1529-9606_0_0036d0/1529-9606_0_0036d0.json
calculating alignment scores
calculating pairwise matrices
multiprocessing.pool.RemoteTraceback: 
"""
Traceback (most recent call last):
  File "/home/jch/mambaforge/envs/slim_conservation/lib/python3.12/multiprocessing/pool.py", line 125, in worker
    result = (True, func(*args, **kwds))
                    ^^^^^^^^^^^^^^^^^^^
  File "/home/jch/Documents/05-conservation_pipeline/src/local_conservation_analysis_pipeline/conservation_pipeline.py", line 120, in calculate_pairwise_matrices
    s5b_compute_pairwise_matrices.compute_pairwise_matrices(
  File "/home/jch/Documents/05-conservation_pipeline/src/local_conservation_analysis_pipeline/s5b_compute_pairwise_matrices.py", line 105, in compute_pairwise_matrices
    pairwise_matrices(
  File "/home/jch/Documents/05-conservation_pipeline/src/local_conservation_analysis_pipeline/s5b_compute_pairwise_matrices.py", line 53, in pairwise_matrices
    score_function(
  File "/home/jch/Documents/05-conservation_pipeline/src/local_conservation_scores/pairk_aln.py", line 27, in main
    alnres = pairk.pairk_alignment(
             ^^^^^^^^^^^^^^^^^^^^^^
  File "/home/jch/mambaforge/envs/slim_conservation/lib/python3.12/site-packages/pairk/backend/kmer_alignment/scoring_matrix.py", line 120, in pairk_alignment
    _exceptions.check_sequence_characters_dict(idr_str_dict, matrix_name)
  File "/home/jch/mambaforge/envs/slim_conservation/lib/python3.12/site-packages/pairk/backend/exceptions.py", line 33, in check_sequence_characters_dict
    raise ValueError(
ValueError: sequence '166423_0:00147c' contains character 'U' not found in the matrix 'EDSSMat50'
"""

The above exception was the direct cause of the following exception:

Traceback (most recent call last):
  File "/home/jch/Documents/08-benchmark/src/data_processing/BENCHMARK_processing/p3_run_conservation_pipeline/../../../local_scripts/conservation_analysis.py", line 32, in <module>
    conservation_pipeline.main(args.config, args.n_cores)
  File "/home/jch/Documents/05-conservation_pipeline/src/local_conservation_analysis_pipeline/conservation_pipeline.py", line 336, in main
    multiprocess_function(
  File "/home/jch/Documents/05-conservation_pipeline/src/local_conservation_analysis_pipeline/conservation_pipeline.py", line 224, in multiprocess_function
    for result in results_iterator:
  File "/home/jch/mambaforge/envs/slim_conservation/lib/python3.12/multiprocessing/pool.py", line 873, in next
    raise value
ValueError: sequence '166423_0:00147c' contains character 'U' not found in the matrix 'EDSSMat50'
