setting up folders and reindexing table file
failed on ../../../../benchmark/benchmark_v4/p3_conservation/conservation_analysis/777-9606_0_004b09/777-9606_0_004b09.json
failed on ../../../../benchmark/benchmark_v4/p3_conservation/conservation_analysis/1529-9606_0_0036d0/1529-9606_0_0036d0.json
failed on ../../../../benchmark/benchmark_v4/p3_conservation/conservation_analysis/1534-10090_0_00586a/1534-10090_0_00586a.json
failed on ../../../../benchmark/benchmark_v4/p3_conservation/conservation_analysis/1577-9606_0_0030be/1577-9606_0_0030be.json
failed on ../../../../benchmark/benchmark_v4/p3_conservation/conservation_analysis/806-10090_0_0010c0/806-10090_0_0010c0.json
failed on ../../../../benchmark/benchmark_v4/p3_conservation/conservation_analysis/1947-9606_0_001d5b/1947-9606_0_001d5b.json
failed on ../../../../benchmark/benchmark_v4/p3_conservation/conservation_analysis/1566-9606_0_00259e/1566-9606_0_00259e.json
failed on ../../../../benchmark/benchmark_v4/p3_conservation/conservation_analysis/1556-9606_0_0004d2/1556-9606_0_0004d2.json
failed on ../../../../benchmark/benchmark_v4/p3_conservation/conservation_analysis/778-9606_0_004b09/778-9606_0_004b09.json
failed on ../../../../benchmark/benchmark_v4/p3_conservation/conservation_analysis/1533-9606_0_0000ed/1533-9606_0_0000ed.json
failed on ../../../../benchmark/benchmark_v4/p3_conservation/conservation_analysis/802-9606_0_0016a6/802-9606_0_0016a6.json
failed on ../../../../benchmark/benchmark_v4/p3_conservation/conservation_analysis/1590-9606_0_001102/1590-9606_0_001102.json
failed on ../../../../benchmark/benchmark_v4/p3_conservation/conservation_analysis/1535-10090_0_00586a/1535-10090_0_00586a.json
failed on ../../../../benchmark/benchmark_v4/p3_conservation/conservation_analysis/1548-10090_0_003db6/1548-10090_0_003db6.json
failed on ../../../../benchmark/benchmark_v4/p3_conservation/conservation_analysis/401-10090_0_00275c/401-10090_0_00275c.json
failed on ../../../../benchmark/benchmark_v4/p3_conservation/conservation_analysis/790-9606_0_00237a/790-9606_0_00237a.json
failed on ../../../../benchmark/benchmark_v4/p3_conservation/conservation_analysis/1542-9606_0_000e58/1542-9606_0_000e58.json
failed on ../../../../benchmark/benchmark_v4/p3_conservation/conservation_analysis/789-9606_0_0020c2/789-9606_0_0020c2.json
failed on ../../../../benchmark/benchmark_v4/p3_conservation/conservation_analysis/1547-10090_0_003db6/1547-10090_0_003db6.json
failed on ../../../../benchmark/benchmark_v4/p3_conservation/conservation_analysis/422-9606_0_002d5f/422-9606_0_002d5f.json
failed on ../../../../benchmark/benchmark_v4/p3_conservation/conservation_analysis/800-9606_0_001d89/800-9606_0_001d89.json
failed on ../../../../benchmark/benchmark_v4/p3_conservation/conservation_analysis/1966-9606_0_001923/1966-9606_0_001923.json
failed on ../../../../benchmark/benchmark_v4/p3_conservation/conservation_analysis/1591-9606_0_003e8b/1591-9606_0_003e8b.json
failed on ../../../../benchmark/benchmark_v4/p3_conservation/conservation_analysis/39-9606_0_00012d/39-9606_0_00012d.json
failed on ../../../../benchmark/benchmark_v4/p3_conservation/conservation_analysis/1536-10090_0_00263e/1536-10090_0_00263e.json
failed on ../../../../benchmark/benchmark_v4/p3_conservation/conservation_analysis/1600-9606_0_002153/1600-9606_0_002153.json
failed on ../../../../benchmark/benchmark_v4/p3_conservation/conservation_analysis/1980-9606_0_000e84/1980-9606_0_000e84.json
failed on ../../../../benchmark/benchmark_v4/p3_conservation/conservation_analysis/1977-10090_0_001102/1977-10090_0_001102.json
failed on ../../../../benchmark/benchmark_v4/p3_conservation/conservation_analysis/1567-9606_0_00259e/1567-9606_0_00259e.json
failed on ../../../../benchmark/benchmark_v4/p3_conservation/conservation_analysis/793-9606_0_0012e9/793-9606_0_0012e9.json
calculating alignment scores
calculating pairwise matrices
calculating embedding pairwise matrices
Terminated
Process ForkPoolWorker-183:
Traceback (most recent call last):
  File "/home/jch/mambaforge/envs/slim_conservation/lib/python3.12/multiprocessing/pool.py", line 131, in worker
    put((job, i, result))
  File "/home/jch/mambaforge/envs/slim_conservation/lib/python3.12/multiprocessing/queues.py", line 394, in put
    self._writer.send_bytes(obj)
  File "/home/jch/mambaforge/envs/slim_conservation/lib/python3.12/multiprocessing/connection.py", line 200, in send_bytes
    self._send_bytes(m[offset:offset + size])
  File "/home/jch/mambaforge/envs/slim_conservation/lib/python3.12/multiprocessing/connection.py", line 427, in _send_bytes
    self._send(header + buf)
  File "/home/jch/mambaforge/envs/slim_conservation/lib/python3.12/multiprocessing/connection.py", line 384, in _send
    n = write(self._handle, buf)
        ^^^^^^^^^^^^^^^^^^^^^^^^
BrokenPipeError: [Errno 32] Broken pipe

During handling of the above exception, another exception occurred:

Traceback (most recent call last):
  File "/home/jch/mambaforge/envs/slim_conservation/lib/python3.12/multiprocessing/process.py", line 314, in _bootstrap
    self.run()
  File "/home/jch/mambaforge/envs/slim_conservation/lib/python3.12/multiprocessing/process.py", line 108, in run
    self._target(*self._args, **self._kwargs)
  File "/home/jch/mambaforge/envs/slim_conservation/lib/python3.12/multiprocessing/pool.py", line 136, in worker
    put((job, i, (False, wrapped)))
  File "/home/jch/mambaforge/envs/slim_conservation/lib/python3.12/multiprocessing/queues.py", line 394, in put
    self._writer.send_bytes(obj)
  File "/home/jch/mambaforge/envs/slim_conservation/lib/python3.12/multiprocessing/connection.py", line 200, in send_bytes
    self._send_bytes(m[offset:offset + size])
  File "/home/jch/mambaforge/envs/slim_conservation/lib/python3.12/multiprocessing/connection.py", line 427, in _send_bytes
    self._send(header + buf)
  File "/home/jch/mambaforge/envs/slim_conservation/lib/python3.12/multiprocessing/connection.py", line 384, in _send
    n = write(self._handle, buf)
        ^^^^^^^^^^^^^^^^^^^^^^^^
BrokenPipeError: [Errno 32] Broken pipe
Process ForkPoolWorker-188:
Traceback (most recent call last):
  File "/home/jch/mambaforge/envs/slim_conservation/lib/python3.12/multiprocessing/pool.py", line 131, in worker
    put((job, i, result))
  File "/home/jch/mambaforge/envs/slim_conservation/lib/python3.12/multiprocessing/queues.py", line 394, in put
    self._writer.send_bytes(obj)
  File "/home/jch/mambaforge/envs/slim_conservation/lib/python3.12/multiprocessing/connection.py", line 200, in send_bytes
    self._send_bytes(m[offset:offset + size])
  File "/home/jch/mambaforge/envs/slim_conservation/lib/python3.12/multiprocessing/connection.py", line 427, in _send_bytes
    self._send(header + buf)
  File "/home/jch/mambaforge/envs/slim_conservation/lib/python3.12/multiprocessing/connection.py", line 384, in _send
    n = write(self._handle, buf)
        ^^^^^^^^^^^^^^^^^^^^^^^^
BrokenPipeError: [Errno 32] Broken pipe

During handling of the above exception, another exception occurred:

Traceback (most recent call last):
  File "/home/jch/mambaforge/envs/slim_conservation/lib/python3.12/multiprocessing/process.py", line 314, in _bootstrap
    self.run()
  File "/home/jch/mambaforge/envs/slim_conservation/lib/python3.12/multiprocessing/process.py", line 108, in run
    self._target(*self._args, **self._kwargs)
  File "/home/jch/mambaforge/envs/slim_conservation/lib/python3.12/multiprocessing/pool.py", line 136, in worker
    put((job, i, (False, wrapped)))
  File "/home/jch/mambaforge/envs/slim_conservation/lib/python3.12/multiprocessing/queues.py", line 394, in put
    self._writer.send_bytes(obj)
  File "/home/jch/mambaforge/envs/slim_conservation/lib/python3.12/multiprocessing/connection.py", line 200, in send_bytes
    self._send_bytes(m[offset:offset + size])
  File "/home/jch/mambaforge/envs/slim_conservation/lib/python3.12/multiprocessing/connection.py", line 427, in _send_bytes
    self._send(header + buf)
  File "/home/jch/mambaforge/envs/slim_conservation/lib/python3.12/multiprocessing/connection.py", line 384, in _send
    n = write(self._handle, buf)
        ^^^^^^^^^^^^^^^^^^^^^^^^
BrokenPipeError: [Errno 32] Broken pipe
